<?xml version="1.0" encoding="UTF-8"?>
<!-- Generated by org.testng.reporters.JUnitXMLReporter -->
<testsuite hostname="LAPTOP-L3U6C128" ignored="0" name="Test" tests="3" failures="0" timestamp="2022-04-18T23:38:28 IST" time="3.965" errors="0">
  <testcase name="BlankUserNameloginTC4" time="0.324" classname="com.qa.testcase.LoginTestCase"/>
  <testcase name="BlankloginTC3" time="0.186" classname="com.qa.testcase.LoginTestCase"/>
  <testcase name="InvalidloginTC2" time="0.478" classname="com.qa.testcase.LoginTestCase"/>
</testsuite> <!-- Test -->
